<?xml version="1.0" encoding="UTF-8"?>
<testng-results ignored="0" total="14" passed="14" failed="0" skipped="0">
  <reporter-output>
  </reporter-output>
  <suite started-at="2026-03-01T00:58:01 IST" name="TutorialsNinja Automation Test Suite" finished-at="2026-03-01T00:59:42 IST" duration-ms="101258">
    <groups>
    </groups>
    <test started-at="2026-03-01T00:58:01 IST" name="Test" finished-at="2026-03-01T00:59:42 IST" duration-ms="101258">
      <class name="com.tutorialsninja.qa.testcases.Search">
        <test-method is-config="true" signature="setUp()[pri:0, instance:com.tutorialsninja.qa.testcases.Search@223191a6]" started-at="2026-03-01T00:59:29 IST" name="setUp" finished-at="2026-03-01T00:59:32 IST" duration-ms="3092" status="PASS">
          <reporter-output>
          </reporter-output>
        </test-method> <!-- setUp -->
        <test-method signature="verifySearchWithValidProduct()[pri:1, instance:com.tutorialsninja.qa.testcases.Search@223191a6]" started-at="2026-03-01T00:59:32 IST" name="verifySearchWithValidProduct" finished-at="2026-03-01T00:59:33 IST" duration-ms="840" status="PASS">
          <reporter-output>
          </reporter-output>
        </test-method> <!-- verifySearchWithValidProduct -->
        <test-method is-config="true" signature="tearDown()[pri:0, instance:com.tutorialsninja.qa.testcases.Search@223191a6]" started-at="2026-03-01T00:59:33 IST" name="tearDown" finished-at="2026-03-01T00:59:34 IST" duration-ms="627" status="PASS">
          <reporter-output>
          </reporter-output>
        </test-method> <!-- tearDown -->
        <test-method is-config="true" signature="setUp()[pri:0, instance:com.tutorialsninja.qa.testcases.Search@223191a6]" started-at="2026-03-01T00:59:34 IST" name="setUp" finished-at="2026-03-01T00:59:37 IST" duration-ms="3202" status="PASS">
          <reporter-output>
          </reporter-output>
        </test-method> <!-- setUp -->
        <test-method signature="verifySearchWithInValidProduct()[pri:2, instance:com.tutorialsninja.qa.testcases.Search@223191a6]" started-at="2026-03-01T00:59:37 IST" name="verifySearchWithInValidProduct" finished-at="2026-03-01T00:59:37 IST" duration-ms="593" status="PASS">
          <reporter-output>
          </reporter-output>
        </test-method> <!-- verifySearchWithInValidProduct -->
        <test-method is-config="true" signature="tearDown()[pri:0, instance:com.tutorialsninja.qa.testcases.Search@223191a6]" started-at="2026-03-01T00:59:37 IST" name="tearDown" finished-at="2026-03-01T00:59:38 IST" duration-ms="540" status="PASS">
          <reporter-output>
          </reporter-output>
        </test-method> <!-- tearDown -->
        <test-method is-config="true" signature="setUp()[pri:0, instance:com.tutorialsninja.qa.testcases.Search@223191a6]" started-at="2026-03-01T00:59:38 IST" name="setUp" finished-at="2026-03-01T00:59:40 IST" duration-ms="2560" status="PASS">
          <reporter-output>
          </reporter-output>
        </test-method> <!-- setUp -->
        <test-method signature="verifySearchWithOutProduct()[pri:3, instance:com.tutorialsninja.qa.testcases.Search@223191a6]" started-at="2026-03-01T00:59:40 IST" name="verifySearchWithOutProduct" finished-at="2026-03-01T00:59:41 IST" duration-ms="963" status="PASS">
          <reporter-output>
          </reporter-output>
        </test-method> <!-- verifySearchWithOutProduct -->
        <test-method is-config="true" signature="tearDown()[pri:0, instance:com.tutorialsninja.qa.testcases.Search@223191a6]" started-at="2026-03-01T00:59:41 IST" name="tearDown" finished-at="2026-03-01T00:59:42 IST" duration-ms="487" status="PASS">
          <reporter-output>
          </reporter-output>
        </test-method> <!-- tearDown -->
      </class> <!-- com.tutorialsninja.qa.testcases.Search -->
      <class name="com.tutorialsninja.qa.testcases.Register">
        <test-method is-config="true" signature="setUp()[pri:0, instance:com.tutorialsninja.qa.testcases.Register@6b927fb]" started-at="2026-03-01T00:58:01 IST" name="setUp" finished-at="2026-03-01T00:58:10 IST" duration-ms="8971" status="PASS">
          <reporter-output>
          </reporter-output>
        </test-method> <!-- setUp -->
        <test-method signature="verifyRegisteringAnAccountWithMandatoryFields()[pri:1, instance:com.tutorialsninja.qa.testcases.Register@6b927fb]" started-at="2026-03-01T00:58:10 IST" name="verifyRegisteringAnAccountWithMandatoryFields" finished-at="2026-03-01T00:58:16 IST" duration-ms="6626" status="PASS">
          <reporter-output>
          </reporter-output>
        </test-method> <!-- verifyRegisteringAnAccountWithMandatoryFields -->
        <test-method is-config="true" signature="tearDown()[pri:0, instance:com.tutorialsninja.qa.testcases.Register@6b927fb]" started-at="2026-03-01T00:58:17 IST" name="tearDown" finished-at="2026-03-01T00:58:20 IST" duration-ms="3556" status="PASS">
          <reporter-output>
          </reporter-output>
        </test-method> <!-- tearDown -->
        <test-method is-config="true" signature="setUp()[pri:0, instance:com.tutorialsninja.qa.testcases.Register@6b927fb]" started-at="2026-03-01T00:58:20 IST" name="setUp" finished-at="2026-03-01T00:58:25 IST" duration-ms="4933" status="PASS">
          <reporter-output>
          </reporter-output>
        </test-method> <!-- setUp -->
        <test-method signature="verifyRegisteringAccountByProvidingAllFields()[pri:2, instance:com.tutorialsninja.qa.testcases.Register@6b927fb]" started-at="2026-03-01T00:58:25 IST" name="verifyRegisteringAccountByProvidingAllFields" finished-at="2026-03-01T00:58:28 IST" duration-ms="2834" status="PASS">
          <reporter-output>
          </reporter-output>
        </test-method> <!-- verifyRegisteringAccountByProvidingAllFields -->
        <test-method is-config="true" signature="tearDown()[pri:0, instance:com.tutorialsninja.qa.testcases.Register@6b927fb]" started-at="2026-03-01T00:58:28 IST" name="tearDown" finished-at="2026-03-01T00:58:29 IST" duration-ms="819" status="PASS">
          <reporter-output>
          </reporter-output>
        </test-method> <!-- tearDown -->
        <test-method is-config="true" signature="setUp()[pri:0, instance:com.tutorialsninja.qa.testcases.Register@6b927fb]" started-at="2026-03-01T00:58:29 IST" name="setUp" finished-at="2026-03-01T00:58:35 IST" duration-ms="6522" status="PASS">
          <reporter-output>
          </reporter-output>
        </test-method> <!-- setUp -->
        <test-method signature="verifyRegisteringwithExistingEmail()[pri:3, instance:com.tutorialsninja.qa.testcases.Register@6b927fb]" started-at="2026-03-01T00:58:35 IST" name="verifyRegisteringwithExistingEmail" finished-at="2026-03-01T00:58:39 IST" duration-ms="3619" status="PASS">
          <reporter-output>
          </reporter-output>
        </test-method> <!-- verifyRegisteringwithExistingEmail -->
        <test-method is-config="true" signature="tearDown()[pri:0, instance:com.tutorialsninja.qa.testcases.Register@6b927fb]" started-at="2026-03-01T00:58:39 IST" name="tearDown" finished-at="2026-03-01T00:58:40 IST" duration-ms="678" status="PASS">
          <reporter-output>
          </reporter-output>
        </test-method> <!-- tearDown -->
        <test-method is-config="true" signature="setUp()[pri:0, instance:com.tutorialsninja.qa.testcases.Register@6b927fb]" started-at="2026-03-01T00:58:40 IST" name="setUp" finished-at="2026-03-01T00:58:45 IST" duration-ms="5429" status="PASS">
          <reporter-output>
          </reporter-output>
        </test-method> <!-- setUp -->
        <test-method signature="verifyRegisterwithoutDetails()[pri:4, instance:com.tutorialsninja.qa.testcases.Register@6b927fb]" started-at="2026-03-01T00:58:45 IST" name="verifyRegisterwithoutDetails" finished-at="2026-03-01T00:58:46 IST" duration-ms="813" status="PASS">
          <reporter-output>
          </reporter-output>
        </test-method> <!-- verifyRegisterwithoutDetails -->
        <test-method is-config="true" signature="tearDown()[pri:0, instance:com.tutorialsninja.qa.testcases.Register@6b927fb]" started-at="2026-03-01T00:58:46 IST" name="tearDown" finished-at="2026-03-01T00:58:46 IST" duration-ms="388" status="PASS">
          <reporter-output>
          </reporter-output>
        </test-method> <!-- tearDown -->
      </class> <!-- com.tutorialsninja.qa.testcases.Register -->
      <class name="com.tutorialsninja.qa.testcases.Login">
        <test-method is-config="true" signature="setUp()[pri:0, instance:com.tutorialsninja.qa.testcases.Login@4ec4f3a0]" started-at="2026-03-01T00:58:48 IST" name="setUp" finished-at="2026-03-01T00:58:53 IST" duration-ms="4680" status="PASS">
          <reporter-output>
          </reporter-output>
        </test-method> <!-- setUp -->
        <test-method signature="verifyLoginWithValidCredentials(java.lang.String,java.lang.String)[pri:1, instance:com.tutorialsninja.qa.testcases.Login@4ec4f3a0]" started-at="2026-03-01T00:58:53 IST" name="verifyLoginWithValidCredentials" data-provider="supplyTestData" finished-at="2026-03-01T00:58:54 IST" duration-ms="1499" status="PASS">
          <params>
            <param index="0">
              <value>
                <![CDATA[ashokreddya1@gmail.com]]>
              </value>
            </param>
            <param index="1">
              <value>
                <![CDATA[12345]]>
              </value>
            </param>
          </params>
          <reporter-output>
          </reporter-output>
        </test-method> <!-- verifyLoginWithValidCredentials -->
        <test-method is-config="true" signature="tearDown()[pri:0, instance:com.tutorialsninja.qa.testcases.Login@4ec4f3a0]" started-at="2026-03-01T00:58:54 IST" name="tearDown" finished-at="2026-03-01T00:58:55 IST" duration-ms="593" status="PASS">
          <reporter-output>
          </reporter-output>
        </test-method> <!-- tearDown -->
        <test-method is-config="true" signature="setUp()[pri:0, instance:com.tutorialsninja.qa.testcases.Login@4ec4f3a0]" started-at="2026-03-01T00:58:55 IST" name="setUp" finished-at="2026-03-01T00:58:59 IST" duration-ms="3845" status="PASS">
          <reporter-output>
          </reporter-output>
        </test-method> <!-- setUp -->
        <test-method signature="verifyLoginWithValidCredentials(java.lang.String,java.lang.String)[pri:1, instance:com.tutorialsninja.qa.testcases.Login@4ec4f3a0]" started-at="2026-03-01T00:58:59 IST" name="verifyLoginWithValidCredentials" data-provider="supplyTestData" finished-at="2026-03-01T00:59:00 IST" duration-ms="1397" status="PASS">
          <params>
            <param index="0">
              <value>
                <![CDATA[amotoorycap9@gmail.com]]>
              </value>
            </param>
            <param index="1">
              <value>
                <![CDATA[12345]]>
              </value>
            </param>
          </params>
          <reporter-output>
          </reporter-output>
        </test-method> <!-- verifyLoginWithValidCredentials -->
        <test-method is-config="true" signature="tearDown()[pri:0, instance:com.tutorialsninja.qa.testcases.Login@4ec4f3a0]" started-at="2026-03-01T00:59:00 IST" name="tearDown" finished-at="2026-03-01T00:59:00 IST" duration-ms="385" status="PASS">
          <reporter-output>
          </reporter-output>
        </test-method> <!-- tearDown -->
        <test-method is-config="true" signature="setUp()[pri:0, instance:com.tutorialsninja.qa.testcases.Login@4ec4f3a0]" started-at="2026-03-01T00:59:00 IST" name="setUp" finished-at="2026-03-01T00:59:04 IST" duration-ms="3967" status="PASS">
          <reporter-output>
          </reporter-output>
        </test-method> <!-- setUp -->
        <test-method signature="verifyLoginWithValidCredentials(java.lang.String,java.lang.String)[pri:1, instance:com.tutorialsninja.qa.testcases.Login@4ec4f3a0]" started-at="2026-03-01T00:59:04 IST" name="verifyLoginWithValidCredentials" data-provider="supplyTestData" finished-at="2026-03-01T00:59:06 IST" duration-ms="1297" status="PASS">
          <params>
            <param index="0">
              <value>
                <![CDATA[ashokkumara2@gmail.com]]>
              </value>
            </param>
            <param index="1">
              <value>
                <![CDATA[12345]]>
              </value>
            </param>
          </params>
          <reporter-output>
          </reporter-output>
        </test-method> <!-- verifyLoginWithValidCredentials -->
        <test-method is-config="true" signature="tearDown()[pri:0, instance:com.tutorialsninja.qa.testcases.Login@4ec4f3a0]" started-at="2026-03-01T00:59:06 IST" name="tearDown" finished-at="2026-03-01T00:59:06 IST" duration-ms="380" status="PASS">
          <reporter-output>
          </reporter-output>
        </test-method> <!-- tearDown -->
        <test-method is-config="true" signature="setUp()[pri:0, instance:com.tutorialsninja.qa.testcases.Login@4ec4f3a0]" started-at="2026-03-01T00:59:06 IST" name="setUp" finished-at="2026-03-01T00:59:10 IST" duration-ms="4262" status="PASS">
          <reporter-output>
          </reporter-output>
        </test-method> <!-- setUp -->
        <test-method signature="verifyLoginWithInValidCredentials()[pri:2, instance:com.tutorialsninja.qa.testcases.Login@4ec4f3a0]" started-at="2026-03-01T00:59:10 IST" name="verifyLoginWithInValidCredentials" finished-at="2026-03-01T00:59:12 IST" duration-ms="1318" status="PASS">
          <reporter-output>
          </reporter-output>
        </test-method> <!-- verifyLoginWithInValidCredentials -->
        <test-method is-config="true" signature="tearDown()[pri:0, instance:com.tutorialsninja.qa.testcases.Login@4ec4f3a0]" started-at="2026-03-01T00:59:12 IST" name="tearDown" finished-at="2026-03-01T00:59:12 IST" duration-ms="375" status="PASS">
          <reporter-output>
          </reporter-output>
        </test-method> <!-- tearDown -->
        <test-method is-config="true" signature="setUp()[pri:0, instance:com.tutorialsninja.qa.testcases.Login@4ec4f3a0]" started-at="2026-03-01T00:59:12 IST" name="setUp" finished-at="2026-03-01T00:59:16 IST" duration-ms="3854" status="PASS">
          <reporter-output>
          </reporter-output>
        </test-method> <!-- setUp -->
        <test-method signature="verifyLoginWithInValidEmailAndValidPassword()[pri:3, instance:com.tutorialsninja.qa.testcases.Login@4ec4f3a0]" started-at="2026-03-01T00:59:16 IST" name="verifyLoginWithInValidEmailAndValidPassword" finished-at="2026-03-01T00:59:17 IST" duration-ms="1445" status="PASS">
          <reporter-output>
          </reporter-output>
        </test-method> <!-- verifyLoginWithInValidEmailAndValidPassword -->
        <test-method is-config="true" signature="tearDown()[pri:0, instance:com.tutorialsninja.qa.testcases.Login@4ec4f3a0]" started-at="2026-03-01T00:59:17 IST" name="tearDown" finished-at="2026-03-01T00:59:18 IST" duration-ms="427" status="PASS">
          <reporter-output>
          </reporter-output>
        </test-method> <!-- tearDown -->
        <test-method is-config="true" signature="setUp()[pri:0, instance:com.tutorialsninja.qa.testcases.Login@4ec4f3a0]" started-at="2026-03-01T00:59:18 IST" name="setUp" finished-at="2026-03-01T00:59:22 IST" duration-ms="4387" status="PASS">
          <reporter-output>
          </reporter-output>
        </test-method> <!-- setUp -->
        <test-method signature="verifyLoginWithValidEmailAndInValidPassword()[pri:4, instance:com.tutorialsninja.qa.testcases.Login@4ec4f3a0]" started-at="2026-03-01T00:59:22 IST" name="verifyLoginWithValidEmailAndInValidPassword" finished-at="2026-03-01T00:59:23 IST" duration-ms="1329" status="PASS">
          <reporter-output>
          </reporter-output>
        </test-method> <!-- verifyLoginWithValidEmailAndInValidPassword -->
        <test-method is-config="true" signature="tearDown()[pri:0, instance:com.tutorialsninja.qa.testcases.Login@4ec4f3a0]" started-at="2026-03-01T00:59:23 IST" name="tearDown" finished-at="2026-03-01T00:59:24 IST" duration-ms="415" status="PASS">
          <reporter-output>
          </reporter-output>
        </test-method> <!-- tearDown -->
        <test-method is-config="true" signature="setUp()[pri:0, instance:com.tutorialsninja.qa.testcases.Login@4ec4f3a0]" started-at="2026-03-01T00:59:24 IST" name="setUp" finished-at="2026-03-01T00:59:28 IST" duration-ms="3894" status="PASS">
          <reporter-output>
          </reporter-output>
        </test-method> <!-- setUp -->
        <test-method signature="verifyLoginWithOutCredentials()[pri:5, instance:com.tutorialsninja.qa.testcases.Login@4ec4f3a0]" started-at="2026-03-01T00:59:28 IST" name="verifyLoginWithOutCredentials" finished-at="2026-03-01T00:59:29 IST" duration-ms="901" status="PASS">
          <reporter-output>
          </reporter-output>
        </test-method> <!-- verifyLoginWithOutCredentials -->
        <test-method is-config="true" signature="tearDown()[pri:0, instance:com.tutorialsninja.qa.testcases.Login@4ec4f3a0]" started-at="2026-03-01T00:59:29 IST" name="tearDown" finished-at="2026-03-01T00:59:29 IST" duration-ms="315" status="PASS">
          <reporter-output>
          </reporter-output>
        </test-method> <!-- tearDown -->
      </class> <!-- com.tutorialsninja.qa.testcases.Login -->
    </test> <!-- Test -->
  </suite> <!-- TutorialsNinja Automation Test Suite -->
</testng-results>
