<?xml version="1.0" encoding="UTF-8"?>
<testng-results ignored="0" total="7" passed="7" failed="0" skipped="0">
  <reporter-output>
  </reporter-output>
  <suite started-at="2026-06-02T09:03:04 IST" name="Default suite" finished-at="2026-06-02T09:05:38 IST" duration-ms="153152">
    <groups>
    </groups>
    <test started-at="2026-06-02T09:03:04 IST" name="Default test" finished-at="2026-06-02T09:05:38 IST" duration-ms="153152">
      <class name="com.tutorialsninja.qa.testcases.Login">
        <test-method is-config="true" signature="setUp()[pri:0, instance:com.tutorialsninja.qa.testcases.Login@2e005c4b]" started-at="2026-06-02T09:03:10 IST" name="setUp" finished-at="2026-06-02T09:03:27 IST" duration-ms="16964" status="PASS">
          <reporter-output>
          </reporter-output>
        </test-method> <!-- setUp -->
        <test-method signature="verifyLoginWithValidCredentials(java.lang.String,java.lang.String)[pri:1, instance:com.tutorialsninja.qa.testcases.Login@2e005c4b]" started-at="2026-06-02T09:03:27 IST" name="verifyLoginWithValidCredentials" data-provider="supplyTestData" finished-at="2026-06-02T09:03:30 IST" duration-ms="3076" status="PASS">
          <params>
            <param index="0">
              <value>
                <![CDATA[ashokreddya1@gmail.com]]>
              </value>
            </param>
            <param index="1">
              <value>
                <![CDATA[12345]]>
              </value>
            </param>
          </params>
          <reporter-output>
          </reporter-output>
        </test-method> <!-- verifyLoginWithValidCredentials -->
        <test-method is-config="true" signature="tearDown()[pri:0, instance:com.tutorialsninja.qa.testcases.Login@2e005c4b]" started-at="2026-06-02T09:03:30 IST" name="tearDown" finished-at="2026-06-02T09:03:33 IST" duration-ms="2978" status="PASS">
          <reporter-output>
          </reporter-output>
        </test-method> <!-- tearDown -->
        <test-method is-config="true" signature="setUp()[pri:0, instance:com.tutorialsninja.qa.testcases.Login@2e005c4b]" started-at="2026-06-02T09:03:33 IST" name="setUp" finished-at="2026-06-02T09:03:47 IST" duration-ms="14022" status="PASS">
          <reporter-output>
          </reporter-output>
        </test-method> <!-- setUp -->
        <test-method signature="verifyLoginWithValidCredentials(java.lang.String,java.lang.String)[pri:1, instance:com.tutorialsninja.qa.testcases.Login@2e005c4b]" started-at="2026-06-02T09:03:47 IST" name="verifyLoginWithValidCredentials" data-provider="supplyTestData" finished-at="2026-06-02T09:03:50 IST" duration-ms="3131" status="PASS">
          <params>
            <param index="0">
              <value>
                <![CDATA[amotoorycap9@gmail.com]]>
              </value>
            </param>
            <param index="1">
              <value>
                <![CDATA[12345]]>
              </value>
            </param>
          </params>
          <reporter-output>
          </reporter-output>
        </test-method> <!-- verifyLoginWithValidCredentials -->
        <test-method is-config="true" signature="tearDown()[pri:0, instance:com.tutorialsninja.qa.testcases.Login@2e005c4b]" started-at="2026-06-02T09:03:50 IST" name="tearDown" finished-at="2026-06-02T09:03:52 IST" duration-ms="1792" status="PASS">
          <reporter-output>
          </reporter-output>
        </test-method> <!-- tearDown -->
        <test-method is-config="true" signature="setUp()[pri:0, instance:com.tutorialsninja.qa.testcases.Login@2e005c4b]" started-at="2026-06-02T09:03:52 IST" name="setUp" finished-at="2026-06-02T09:04:08 IST" duration-ms="16333" status="PASS">
          <reporter-output>
          </reporter-output>
        </test-method> <!-- setUp -->
        <test-method signature="verifyLoginWithValidCredentials(java.lang.String,java.lang.String)[pri:1, instance:com.tutorialsninja.qa.testcases.Login@2e005c4b]" started-at="2026-06-02T09:04:08 IST" name="verifyLoginWithValidCredentials" data-provider="supplyTestData" finished-at="2026-06-02T09:04:13 IST" duration-ms="4696" status="PASS">
          <params>
            <param index="0">
              <value>
                <![CDATA[ashokkumara2@gmail.com]]>
              </value>
            </param>
            <param index="1">
              <value>
                <![CDATA[12345]]>
              </value>
            </param>
          </params>
          <reporter-output>
          </reporter-output>
        </test-method> <!-- verifyLoginWithValidCredentials -->
        <test-method is-config="true" signature="tearDown()[pri:0, instance:com.tutorialsninja.qa.testcases.Login@2e005c4b]" started-at="2026-06-02T09:04:13 IST" name="tearDown" finished-at="2026-06-02T09:04:16 IST" duration-ms="3477" status="PASS">
          <reporter-output>
          </reporter-output>
        </test-method> <!-- tearDown -->
        <test-method is-config="true" signature="setUp()[pri:0, instance:com.tutorialsninja.qa.testcases.Login@2e005c4b]" started-at="2026-06-02T09:04:16 IST" name="setUp" finished-at="2026-06-02T09:04:29 IST" duration-ms="12861" status="PASS">
          <reporter-output>
          </reporter-output>
        </test-method> <!-- setUp -->
        <test-method signature="verifyLoginWithInValidCredentials()[pri:2, instance:com.tutorialsninja.qa.testcases.Login@2e005c4b]" started-at="2026-06-02T09:04:29 IST" name="verifyLoginWithInValidCredentials" finished-at="2026-06-02T09:04:33 IST" duration-ms="3820" status="PASS">
          <reporter-output>
          </reporter-output>
        </test-method> <!-- verifyLoginWithInValidCredentials -->
        <test-method is-config="true" signature="tearDown()[pri:0, instance:com.tutorialsninja.qa.testcases.Login@2e005c4b]" started-at="2026-06-02T09:04:33 IST" name="tearDown" finished-at="2026-06-02T09:04:37 IST" duration-ms="3924" status="PASS">
          <reporter-output>
          </reporter-output>
        </test-method> <!-- tearDown -->
        <test-method is-config="true" signature="setUp()[pri:0, instance:com.tutorialsninja.qa.testcases.Login@2e005c4b]" started-at="2026-06-02T09:04:37 IST" name="setUp" finished-at="2026-06-02T09:04:47 IST" duration-ms="10036" status="PASS">
          <reporter-output>
          </reporter-output>
        </test-method> <!-- setUp -->
        <test-method signature="verifyLoginWithInValidEmailAndValidPassword()[pri:3, instance:com.tutorialsninja.qa.testcases.Login@2e005c4b]" started-at="2026-06-02T09:04:47 IST" name="verifyLoginWithInValidEmailAndValidPassword" finished-at="2026-06-02T09:04:53 IST" duration-ms="6103" status="PASS">
          <reporter-output>
          </reporter-output>
        </test-method> <!-- verifyLoginWithInValidEmailAndValidPassword -->
        <test-method is-config="true" signature="tearDown()[pri:0, instance:com.tutorialsninja.qa.testcases.Login@2e005c4b]" started-at="2026-06-02T09:04:53 IST" name="tearDown" finished-at="2026-06-02T09:04:57 IST" duration-ms="4101" status="PASS">
          <reporter-output>
          </reporter-output>
        </test-method> <!-- tearDown -->
        <test-method is-config="true" signature="setUp()[pri:0, instance:com.tutorialsninja.qa.testcases.Login@2e005c4b]" started-at="2026-06-02T09:04:57 IST" name="setUp" finished-at="2026-06-02T09:05:09 IST" duration-ms="11855" status="PASS">
          <reporter-output>
          </reporter-output>
        </test-method> <!-- setUp -->
        <test-method signature="verifyLoginWithValidEmailAndInValidPassword()[pri:4, instance:com.tutorialsninja.qa.testcases.Login@2e005c4b]" started-at="2026-06-02T09:05:09 IST" name="verifyLoginWithValidEmailAndInValidPassword" finished-at="2026-06-02T09:05:13 IST" duration-ms="4231" status="PASS">
          <reporter-output>
          </reporter-output>
        </test-method> <!-- verifyLoginWithValidEmailAndInValidPassword -->
        <test-method is-config="true" signature="tearDown()[pri:0, instance:com.tutorialsninja.qa.testcases.Login@2e005c4b]" started-at="2026-06-02T09:05:13 IST" name="tearDown" finished-at="2026-06-02T09:05:17 IST" duration-ms="3385" status="PASS">
          <reporter-output>
          </reporter-output>
        </test-method> <!-- tearDown -->
        <test-method is-config="true" signature="setUp()[pri:0, instance:com.tutorialsninja.qa.testcases.Login@2e005c4b]" started-at="2026-06-02T09:05:17 IST" name="setUp" finished-at="2026-06-02T09:05:32 IST" duration-ms="14835" status="PASS">
          <reporter-output>
          </reporter-output>
        </test-method> <!-- setUp -->
        <test-method signature="verifyLoginWithOutCredentials()[pri:5, instance:com.tutorialsninja.qa.testcases.Login@2e005c4b]" started-at="2026-06-02T09:05:32 IST" name="verifyLoginWithOutCredentials" finished-at="2026-06-02T09:05:34 IST" duration-ms="2299" status="PASS">
          <reporter-output>
          </reporter-output>
        </test-method> <!-- verifyLoginWithOutCredentials -->
        <test-method is-config="true" signature="tearDown()[pri:0, instance:com.tutorialsninja.qa.testcases.Login@2e005c4b]" started-at="2026-06-02T09:05:34 IST" name="tearDown" finished-at="2026-06-02T09:05:38 IST" duration-ms="3548" status="PASS">
          <reporter-output>
          </reporter-output>
        </test-method> <!-- tearDown -->
      </class> <!-- com.tutorialsninja.qa.testcases.Login -->
    </test> <!-- Default test -->
  </suite> <!-- Default suite -->
</testng-results>
