<?xml version="1.0" encoding="UTF-8"?>
<!-- Generated by org.testng.reporters.JUnitReportReporter -->
<testsuite hostname="LAPTOP-SAABONK9" failures="0" tests="4" name="com.tutorialsninja.qa.testcases.Register" time="40.680" errors="0" timestamp="2026-06-02T09:01:30 IST" skipped="0">
  <testcase classname="com.tutorialsninja.qa.testcases.Register" name="verifyRegisteringAnAccountWithMandatoryFields" time="9.514"/>
  <system-out/>
  <testcase classname="com.tutorialsninja.qa.testcases.Register" name="verifyRegisteringAccountByProvidingAllFields" time="15.578"/>
  <system-out/>
  <testcase classname="com.tutorialsninja.qa.testcases.Register" name="verifyRegisteringwithExistingEmail" time="8.366"/>
  <system-out/>
  <testcase classname="com.tutorialsninja.qa.testcases.Register" name="verifyRegisterwithoutDetails" time="7.222"/>
  <system-out/>
</testsuite> <!-- com.tutorialsninja.qa.testcases.Register -->
