<?xml version="1.0" encoding="UTF-8"?>
<!-- Generated by org.testng.reporters.JUnitReportReporter -->
<testsuite hostname="LAPTOP-SAABONK9" failures="0" tests="3" name="com.tutorialsninja.qa.testcases.Search" time="24.342" errors="0" timestamp="2026-06-02T09:01:30 IST" skipped="0">
  <testcase classname="com.tutorialsninja.qa.testcases.Search" name="verifySearchWithValidProduct" time="7.411"/>
  <system-out/>
  <testcase classname="com.tutorialsninja.qa.testcases.Search" name="verifySearchWithInValidProduct" time="10.019"/>
  <system-out/>
  <testcase classname="com.tutorialsninja.qa.testcases.Search" name="verifySearchWithOutProduct" time="6.912"/>
  <system-out/>
</testsuite> <!-- com.tutorialsninja.qa.testcases.Search -->
