<?xml version="1.0" encoding="UTF-8"?>
<!-- Generated by org.testng.reporters.JUnitReportReporter -->
<testsuite hostname="LAPTOP-SAABONK9" failures="0" tests="4" name="com.tutorialsninja.qa.testcases.Register" time="36.757" errors="0" timestamp="2026-04-16T23:07:34 IST" skipped="0">
  <testcase classname="com.tutorialsninja.qa.testcases.Register" name="verifyRegisteringAnAccountWithMandatoryFields" time="6.859"/>
  <system-out/>
  <testcase classname="com.tutorialsninja.qa.testcases.Register" name="verifyRegisteringAccountByProvidingAllFields" time="8.279"/>
  <system-out/>
  <testcase classname="com.tutorialsninja.qa.testcases.Register" name="verifyRegisteringwithExistingEmail" time="14.928"/>
  <system-out/>
  <testcase classname="com.tutorialsninja.qa.testcases.Register" name="verifyRegisterwithoutDetails" time="6.691"/>
  <system-out/>
</testsuite> <!-- com.tutorialsninja.qa.testcases.Register -->
