<?xml version="1.0" encoding="UTF-8"?>
<!-- Generated by org.testng.reporters.JUnitReportReporter -->
<testsuite hostname="LAPTOP-SAABONK9" failures="0" tests="7" name="com.tutorialsninja.qa.testcases.Login" time="40.965" errors="0" timestamp="2026-03-01T00:59:42 IST" skipped="0">
  <testcase classname="com.tutorialsninja.qa.testcases.Login" name="verifyLoginWithValidCredentials" time="5.679"/>
  <system-out/>
  <testcase classname="com.tutorialsninja.qa.testcases.Login" name="verifyLoginWithValidCredentials" time="5.527"/>
  <system-out/>
  <testcase classname="com.tutorialsninja.qa.testcases.Login" name="verifyLoginWithValidCredentials" time="6.188"/>
  <system-out/>
  <testcase classname="com.tutorialsninja.qa.testcases.Login" name="verifyLoginWithInValidCredentials" time="6.298"/>
  <system-out/>
  <testcase classname="com.tutorialsninja.qa.testcases.Login" name="verifyLoginWithInValidEmailAndValidPassword" time="5.714"/>
  <system-out/>
  <testcase classname="com.tutorialsninja.qa.testcases.Login" name="verifyLoginWithValidEmailAndInValidPassword" time="5.563"/>
  <system-out/>
  <testcase classname="com.tutorialsninja.qa.testcases.Login" name="verifyLoginWithOutCredentials" time="5.996"/>
  <system-out/>
</testsuite> <!-- com.tutorialsninja.qa.testcases.Login -->
