<?xml version="1.0" encoding="UTF-8"?>
<!-- Generated by org.testng.reporters.JUnitReportReporter -->
<testsuite hostname="LAPTOP-SAABONK9" failures="0" tests="3" name="com.tutorialsninja.qa.testcases.Search" time="12.904" errors="0" timestamp="2026-03-01T00:59:42 IST" skipped="0">
  <testcase classname="com.tutorialsninja.qa.testcases.Search" name="verifySearchWithValidProduct" time="3.940"/>
  <system-out/>
  <testcase classname="com.tutorialsninja.qa.testcases.Search" name="verifySearchWithInValidProduct" time="4.312"/>
  <system-out/>
  <testcase classname="com.tutorialsninja.qa.testcases.Search" name="verifySearchWithOutProduct" time="4.652"/>
  <system-out/>
</testsuite> <!-- com.tutorialsninja.qa.testcases.Search -->
